0 info it worked if it ends with ok
1 verbose cli [ '/usr/local/bin/node', '/usr/local/bin/npm', 'start' ]
2 info using npm@1.2.14
3 info using node@v0.10.0
4 verbose read json /Users/Hassen/www/node/mirador/package.json
5 warn package.json Mirador@0.1.1 No README.md file found!
6 verbose run-script [ 'prestart', 'start', 'poststart' ]
7 info prestart Mirador@0.1.1
8 info start Mirador@0.1.1
9 verbose unsafe-perm in lifecycle true
10 silly exec sh "-c" "node main"
11 silly sh,-c,node main,/Users/Hassen/www/node/mirador spawning
12 info Mirador@0.1.1 Failed to exec start script
13 error Mirador@0.1.1 start: `node main`
13 error `sh "-c" "node main"` failed with 8
14 error Failed at the Mirador@0.1.1 start script.
14 error This is most likely a problem with the Mirador package,
14 error not with npm itself.
14 error Tell the author that this fails on your system:
14 error     node main
14 error You can get their info via:
14 error     npm owner ls Mirador
14 error There is likely additional logging output above.
15 error System Darwin 11.4.2
16 error command "/usr/local/bin/node" "/usr/local/bin/npm" "start"
17 error cwd /Users/Hassen/www/node/mirador
18 error node -v v0.10.0
19 error npm -v 1.2.14
20 error code ELIFECYCLE
21 verbose exit [ 1, true ]
